Removed Pin From Net: NetName=BREAK SW Pin=J7-5
Removed Pin From Net: NetName=PWRGND Pin=J7-8
Removed Pin From Net: NetName=PWRGND Pin=J7-10
Removed Pin From Net: NetName=PWRGND Pin=J9-7
Removed Pin From Net: NetName=COOLANT TEMP Pin=J10-4
Removed Pin From Net: NetName=PWRGND Pin=J10-16
Added Pin To Net: NetName=PWRGND Pin=J7-12
Added Pin To Net: NetName=PWRGND Pin=J8-9
Change Net Name : Old Net Name=PWRGND New Net Name=A12
Added Pin To Net: NetName=A1 Pin=J1-1
Added Pin To Net: NetName=A1 Pin=J3-1
Added Pin To Net: NetName=A1 Pin=J7-1
Added Net: Name=A1
Added Pin To Net: NetName=A2 Pin=J1-3
Added Pin To Net: NetName=A2 Pin=J3-2
Added Pin To Net: NetName=A2 Pin=J7-2
Added Net: Name=A2
Added Pin To Net: NetName=A3 Pin=J1-5
Added Pin To Net: NetName=A3 Pin=J3-3
Added Net: Name=A3
Added Pin To Net: NetName=A4 Pin=J1-31
Added Pin To Net: NetName=A4 Pin=J3-17
Added Pin To Net: NetName=A4 Pin=J7-3
Added Net: Name=A4
Added Pin To Net: NetName=A5 Pin=J3-18
Added Pin To Net: NetName=A5 Pin=J7-4
Added Pin To Net: NetName=A5 Pin=J7-5
Added Net: Name=A5
Added Pin To Net: NetName=A6 Pin=J3-19
Added Pin To Net: NetName=A6 Pin=J7-6
Added Net: Name=A6
Added Pin To Net: NetName=A7 Pin=J3-20
Added Pin To Net: NetName=A7 Pin=J7-7
Added Net: Name=A7
Added Pin To Net: NetName=A8 Pin=J3-21
Added Pin To Net: NetName=A8 Pin=J7-8
Added Net: Name=A8
Added Pin To Net: NetName=A9 Pin=J3-22
Added Pin To Net: NetName=A9 Pin=J7-9
Added Net: Name=A9
Added Pin To Net: NetName=A10 Pin=J3-23
Added Pin To Net: NetName=A10 Pin=J7-10
Added Net: Name=A10
Added Pin To Net: NetName=A11 Pin=J3-24
Added Pin To Net: NetName=A11 Pin=J3-32
Added Pin To Net: NetName=A11 Pin=J7-11
Added Pin To Net: NetName=A11 Pin=J8-8
Added Net: Name=A11
Added Pin To Net: NetName=A13 Pin=J3-8
Added Pin To Net: NetName=A13 Pin=J7-13
Added Net: Name=A13
Added Pin To Net: NetName=A14 Pin=J1-9
Added Pin To Net: NetName=A14 Pin=J3-4
Added Pin To Net: NetName=A14 Pin=J7-14
Added Net: Name=A14
Added Pin To Net: NetName=A15 Pin=J3-5
Added Pin To Net: NetName=A15 Pin=J7-15
Added Net: Name=A15
Added Pin To Net: NetName=A16 Pin=J3-6
Added Pin To Net: NetName=A16 Pin=J7-16
Added Net: Name=A16
Added Pin To Net: NetName=A17 Pin=J3-25
Added Pin To Net: NetName=A17 Pin=J8-1
Added Net: Name=A17
Added Pin To Net: NetName=A18 Pin=J3-26
Added Pin To Net: NetName=A18 Pin=J8-2
Added Net: Name=A18
Added Pin To Net: NetName=A19 Pin=J3-27
Added Pin To Net: NetName=A19 Pin=J8-3
Added Net: Name=A19
Added Pin To Net: NetName=A20 Pin=J3-28
Added Pin To Net: NetName=A20 Pin=J8-4
Added Net: Name=A20
Added Pin To Net: NetName=A21 Pin=J3-29
Added Pin To Net: NetName=A21 Pin=J8-5
Added Net: Name=A21
Added Pin To Net: NetName=A22 Pin=J3-30
Added Pin To Net: NetName=A22 Pin=J8-6
Added Net: Name=A22
Added Pin To Net: NetName=A23 Pin=J3-31
Added Pin To Net: NetName=A23 Pin=J8-7
Added Net: Name=A23
Added Pin To Net: NetName=A26 Pin=J3-10
Added Pin To Net: NetName=A26 Pin=J8-10
Added Net: Name=A26
Added Pin To Net: NetName=B2 Pin=J3-34
Added Net: Name=B2
Added Pin To Net: NetName=B3 Pin=J3-35
Added Net: Name=B3
Added Pin To Net: NetName=B4 Pin=J3-36
Added Net: Name=B4
Added Pin To Net: NetName=B5 Pin=J3-37
Added Net: Name=B5
Added Pin To Net: NetName=B6 Pin=J3-38
Added Net: Name=B6
Added Pin To Net: NetName=B7 Pin=J3-39
Added Net: Name=B7
Added Pin To Net: NetName=B8 Pin=J3-40
Added Net: Name=B8
Added Pin To Net: NetName=B10 Pin=J3-42
Added Net: Name=B10
Added Pin To Net: NetName=B11 Pin=J3-43
Added Net: Name=B11
Added Pin To Net: NetName=B12 Pin=J3-44
Added Net: Name=B12
Added Pin To Net: NetName=B13 Pin=J3-45
Added Net: Name=B13
Added Pin To Net: NetName=B14 Pin=J3-46
Added Net: Name=B14
Added Pin To Net: NetName=B15 Pin=J3-47
Added Net: Name=B15
Added Pin To Net: NetName=B16 Pin=J3-48
Added Net: Name=B16
Added Pin To Net: NetName=D1 Pin=J3-11
Added Net: Name=D1
Added Pin To Net: NetName=D2 Pin=J3-49
Added Net: Name=D2
Added Pin To Net: NetName=D3 Pin=J3-50
Added Net: Name=D3
Added Pin To Net: NetName=D4 Pin=J3-51
Added Net: Name=D4
Added Pin To Net: NetName=D5 Pin=J3-52
Added Net: Name=D5
Added Pin To Net: NetName=D6 Pin=J3-53
Added Net: Name=D6
Added Pin To Net: NetName=D8 Pin=J3-55
Added Net: Name=D8
Added Pin To Net: NetName=D9 Pin=J1-21
Added Pin To Net: NetName=D9 Pin=J3-56
Added Net: Name=D9
Added Pin To Net: NetName=D10 Pin=J3-13
Added Net: Name=D10
Added Pin To Net: NetName=D11 Pin=J3-14
Added Net: Name=D11
Added Pin To Net: NetName=D13 Pin=J3-57
Added Net: Name=D13
Added Pin To Net: NetName=D14 Pin=J3-58
Added Net: Name=D14
Added Pin To Net: NetName=D15 Pin=J3-59
Added Net: Name=D15
Added Pin To Net: NetName=D16 Pin=J3-60
Added Net: Name=D16
Added Pin To Net: NetName=D17 Pin=J3-61
Added Net: Name=D17
Added Pin To Net: NetName=D18 Pin=J3-62
Added Net: Name=D18
Added Pin To Net: NetName=D19 Pin=J3-63
Added Net: Name=D19
Added Pin To Net: NetName=D20 Pin=J3-64
Added Net: Name=D20
Added Pin To Net: NetName=D21 Pin=J3-15
Added Net: Name=D21
Added Pin To Net: NetName=D22 Pin=J3-16
Added Net: Name=D22
